U AnalysisDataFormats/CMGTools/.cdtproject
U AnalysisDataFormats/CMGTools/.project
U AnalysisDataFormats/CMGTools/.pydevproject
U AnalysisDataFormats/CMGTools/BuildFile.xml
U AnalysisDataFormats/CMGTools/.admin/developers
U AnalysisDataFormats/CMGTools/interface/AbstractPhysicsObject.h
U AnalysisDataFormats/CMGTools/interface/BaseJet.h
U AnalysisDataFormats/CMGTools/interface/BaseMET.h
U AnalysisDataFormats/CMGTools/interface/CompositePtrCandidateT1T2MEt.h
U AnalysisDataFormats/CMGTools/interface/CompositePtrCandidateTMEt.h
U AnalysisDataFormats/CMGTools/interface/CompoundTypes.h
U AnalysisDataFormats/CMGTools/interface/DiObject.h
U AnalysisDataFormats/CMGTools/interface/DiObjectPair.h
U AnalysisDataFormats/CMGTools/interface/Electron.h
U AnalysisDataFormats/CMGTools/interface/FatJet.h
U AnalysisDataFormats/CMGTools/interface/GenericTypes.h
U AnalysisDataFormats/CMGTools/interface/Hemisphere.h
U AnalysisDataFormats/CMGTools/interface/Lepton.h
U AnalysisDataFormats/CMGTools/interface/METSignificance.h
U AnalysisDataFormats/CMGTools/interface/MultiObject.h
U AnalysisDataFormats/CMGTools/interface/Muon.h
U AnalysisDataFormats/CMGTools/interface/NamedObject.h
U AnalysisDataFormats/CMGTools/interface/PFJet.h
U AnalysisDataFormats/CMGTools/interface/PFJetComponent.h
U AnalysisDataFormats/CMGTools/interface/PatTypes.h
U AnalysisDataFormats/CMGTools/interface/Photon.h
U AnalysisDataFormats/CMGTools/interface/PhysicsObject.h
U AnalysisDataFormats/CMGTools/interface/SimpleParticle.h
U AnalysisDataFormats/CMGTools/interface/StructuredPFJet.h
U AnalysisDataFormats/CMGTools/interface/Tau.h
U AnalysisDataFormats/CMGTools/interface/TriBool.h
U AnalysisDataFormats/CMGTools/interface/TriggerObject.h
U AnalysisDataFormats/CMGTools/interface/UnSet.h
U AnalysisDataFormats/CMGTools/src/AbstractPhysicsObject.cc
U AnalysisDataFormats/CMGTools/src/BaseJet.cc
U AnalysisDataFormats/CMGTools/src/Electron.cc
U AnalysisDataFormats/CMGTools/src/Muon.cc
U AnalysisDataFormats/CMGTools/src/PFJet.cc
U AnalysisDataFormats/CMGTools/src/PFJetComponent.cc
U AnalysisDataFormats/CMGTools/src/SimpleParticle.cc
U AnalysisDataFormats/CMGTools/src/StructuredPFJet.cc
U AnalysisDataFormats/CMGTools/src/Tau.cc
U AnalysisDataFormats/CMGTools/src/TriBool.cc
U AnalysisDataFormats/CMGTools/src/TriggerObject.cc
U AnalysisDataFormats/CMGTools/src/UnSet.cc
U AnalysisDataFormats/CMGTools/src/classes.h
U AnalysisDataFormats/CMGTools/src/classes_def.xml
[ap-forColin-445-v1 a2ecee2] AnalysisDataFormats/CMGTools lucieg_Ap8
 48 files changed, 3865 insertions(+), 0 deletions(-)
 create mode 100644 AnalysisDataFormats/CMGTools/.admin/developers
 create mode 100644 AnalysisDataFormats/CMGTools/.cdtproject
 create mode 100644 AnalysisDataFormats/CMGTools/.project
 create mode 100644 AnalysisDataFormats/CMGTools/.pydevproject
 create mode 100644 AnalysisDataFormats/CMGTools/BuildFile.xml
 create mode 100644 AnalysisDataFormats/CMGTools/interface/AbstractPhysicsObject.h
 create mode 100644 AnalysisDataFormats/CMGTools/interface/BaseJet.h
 create mode 100644 AnalysisDataFormats/CMGTools/interface/BaseMET.h
 create mode 100644 AnalysisDataFormats/CMGTools/interface/CompositePtrCandidateT1T2MEt.h
 create mode 100644 AnalysisDataFormats/CMGTools/interface/CompositePtrCandidateTMEt.h
 create mode 100644 AnalysisDataFormats/CMGTools/interface/CompoundTypes.h
 create mode 100644 AnalysisDataFormats/CMGTools/interface/DiObject.h
 create mode 100644 AnalysisDataFormats/CMGTools/interface/DiObjectPair.h
 create mode 100644 AnalysisDataFormats/CMGTools/interface/Electron.h
 create mode 100644 AnalysisDataFormats/CMGTools/interface/FatJet.h
 create mode 100644 AnalysisDataFormats/CMGTools/interface/GenericTypes.h
 create mode 100644 AnalysisDataFormats/CMGTools/interface/Hemisphere.h
 create mode 100644 AnalysisDataFormats/CMGTools/interface/Lepton.h
 create mode 100644 AnalysisDataFormats/CMGTools/interface/METSignificance.h
 create mode 100644 AnalysisDataFormats/CMGTools/interface/MultiObject.h
 create mode 100644 AnalysisDataFormats/CMGTools/interface/Muon.h
 create mode 100644 AnalysisDataFormats/CMGTools/interface/NamedObject.h
 create mode 100644 AnalysisDataFormats/CMGTools/interface/PFJet.h
 create mode 100644 AnalysisDataFormats/CMGTools/interface/PFJetComponent.h
 create mode 100644 AnalysisDataFormats/CMGTools/interface/PatTypes.h
 create mode 100644 AnalysisDataFormats/CMGTools/interface/Photon.h
 create mode 100644 AnalysisDataFormats/CMGTools/interface/PhysicsObject.h
 create mode 100644 AnalysisDataFormats/CMGTools/interface/SimpleParticle.h
 create mode 100644 AnalysisDataFormats/CMGTools/interface/StructuredPFJet.h
 create mode 100644 AnalysisDataFormats/CMGTools/interface/Tau.h
 create mode 100644 AnalysisDataFormats/CMGTools/interface/TriBool.h
 create mode 100644 AnalysisDataFormats/CMGTools/interface/TriggerObject.h
 create mode 100644 AnalysisDataFormats/CMGTools/interface/UnSet.h
 create mode 100644 AnalysisDataFormats/CMGTools/src/AbstractPhysicsObject.cc
 create mode 100644 AnalysisDataFormats/CMGTools/src/BaseJet.cc
 create mode 100644 AnalysisDataFormats/CMGTools/src/Electron.cc
 create mode 100644 AnalysisDataFormats/CMGTools/src/Muon.cc
 create mode 100644 AnalysisDataFormats/CMGTools/src/PFJet.cc
 create mode 100644 AnalysisDataFormats/CMGTools/src/PFJetComponent.cc
 create mode 100644 AnalysisDataFormats/CMGTools/src/SimpleParticle.cc
 create mode 100644 AnalysisDataFormats/CMGTools/src/StructuredPFJet.cc
 create mode 100644 AnalysisDataFormats/CMGTools/src/Tau.cc
 create mode 100644 AnalysisDataFormats/CMGTools/src/TriBool.cc
 create mode 100644 AnalysisDataFormats/CMGTools/src/TriggerObject.cc
 create mode 100644 AnalysisDataFormats/CMGTools/src/UnSet.cc
 create mode 100644 AnalysisDataFormats/CMGTools/src/classes.h
 create mode 100644 AnalysisDataFormats/CMGTools/src/classes_def.xml
 create mode 100644 nohup.out
U CMGTools/Common/.cdtproject
U CMGTools/Common/.project
U CMGTools/Common/.pydevproject
U CMGTools/Common/BuildFile.xml
U CMGTools/Common/.admin/developers
U CMGTools/Common/bin/installCMGTools.py
U CMGTools/Common/data/TMVA_BDTSimpleCat.weights.xml
U CMGTools/Common/data/ElectronMVAWeights/Subdet0HighPt_NoIPInfo_BDTG.weights.xml
U CMGTools/Common/data/ElectronMVAWeights/Subdet0LowPt_NoIPInfo_BDTG.weights.xml
U CMGTools/Common/data/ElectronMVAWeights/Subdet1HighPt_NoIPInfo_BDTG.weights.xml
U CMGTools/Common/data/ElectronMVAWeights/Subdet1LowPt_NoIPInfo_BDTG.weights.xml
U CMGTools/Common/data/ElectronMVAWeights/Subdet2HighPt_NoIPInfo_BDTG.weights.xml
U CMGTools/Common/data/ElectronMVAWeights/Subdet2LowPt_NoIPInfo_BDTG.weights.xml
U CMGTools/Common/interface/AnalysisHistograms.h
U CMGTools/Common/interface/BaseJetFactory.h
U CMGTools/Common/interface/BaseMETFactory.h
U CMGTools/Common/interface/BaseMETModificationFactory.h
U CMGTools/Common/interface/CMGElectronMVAEstimator.h
U CMGTools/Common/interface/CompoundFactories.h
U CMGTools/Common/interface/Cut.h
U CMGTools/Common/interface/CutSummaryAnalyzer.h
U CMGTools/Common/interface/DiObjectFactory.h
U CMGTools/Common/interface/DiObjectPairFactory.h
U CMGTools/Common/interface/DiObjectUpdateFactory.h
U CMGTools/Common/interface/ElectronFactory.h
U CMGTools/Common/interface/ElectronIDMVA.h
U CMGTools/Common/interface/Factory.h
U CMGTools/Common/interface/FatJetFactory.h
U CMGTools/Common/interface/GenericFactories.h
U CMGTools/Common/interface/GenericHistograms.h
U CMGTools/Common/interface/GenericPhysicsObjectSelectorDefinition.h
U CMGTools/Common/interface/GenericRooDataSets.h
U CMGTools/Common/interface/HemiBalanceAlgos.h
U CMGTools/Common/interface/HemiFactory.h
U CMGTools/Common/interface/HistogramCreator.h
U CMGTools/Common/interface/JetComponentHistograms.h
U CMGTools/Common/interface/JetHistograms.h
U CMGTools/Common/interface/L1TriggerObjectFactory.h
U CMGTools/Common/interface/LeptonSettingTool.h
U CMGTools/Common/interface/LorentzHistograms.h
U CMGTools/Common/interface/METScaler.h
U CMGTools/Common/interface/MVAJetTools.h
U CMGTools/Common/interface/MetUtilities.h
U CMGTools/Common/interface/MultiObjectFactory.h
U CMGTools/Common/interface/MultiObjectSettingTool.h
U CMGTools/Common/interface/MuonFactory.h
U CMGTools/Common/interface/ObjectSmear.h
U CMGTools/Common/interface/PFJetFactory.h
U CMGTools/Common/interface/PhotonFactory.h
U CMGTools/Common/interface/PhysicsObjectFactory.h
U CMGTools/Common/interface/RunInfoAccounting.h
U CMGTools/Common/interface/SAKLooseLepton.h
U CMGTools/Common/interface/Scaler.h
U CMGTools/Common/interface/SettingTool.h
U CMGTools/Common/interface/SpecificIsolation.h
U CMGTools/Common/interface/StructuredPFJetFactory.h
U CMGTools/Common/interface/TauFactory.h
U CMGTools/Common/interface/TriggerObjectFactory.h
U CMGTools/Common/interface/TriggerResultHistograms.h
U CMGTools/Common/interface/next_combination.h
U CMGTools/Common/macros/jetStack.C
U CMGTools/Common/plugins/BuildFile.xml
U CMGTools/Common/plugins/CMGPATElectronProducer.cc
U CMGTools/Common/plugins/CMGPATMuonProducer.cc
U CMGTools/Common/plugins/CMGTools.cc
U CMGTools/Common/plugins/CMGTools.h
U CMGTools/Common/plugins/CollectionSizeProducer.h
U CMGTools/Common/plugins/CutSummaryAnalyzer.cc
U CMGTools/Common/plugins/DeltaPhiProducer.cc
U CMGTools/Common/plugins/DeltaRVetoProducer.h
U CMGTools/Common/plugins/DirectionalIsolationProducer.cc
U CMGTools/Common/plugins/DirectionalIsolationProducer.h
U CMGTools/Common/plugins/EENoiseFilter.cc
U CMGTools/Common/plugins/EventCounter.cc
U CMGTools/Common/plugins/EventCounter.h
U CMGTools/Common/plugins/GenericPhysicsObjectSelector.cc
U CMGTools/Common/plugins/GoodPrimaryVertexFilter.cc
U CMGTools/Common/plugins/HistogramAnalyzer.h
U CMGTools/Common/plugins/IndexObjectsSelector.h
U CMGTools/Common/plugins/JetEnergyCorrector.h
U CMGTools/Common/plugins/JetExtendedProducer.cc
U CMGTools/Common/plugins/LeadingObjectsSelector.h
U CMGTools/Common/plugins/METSignificanceProducer.cc
U CMGTools/Common/plugins/MetFlavorProducer.cc
U CMGTools/Common/plugins/MetFlavorProducer.h
U CMGTools/Common/plugins/PATElectronIsoMVAEmbedder.cc
U CMGTools/Common/plugins/PATElectronRegressionEmbedder.cc
U CMGTools/Common/plugins/PATMuonIsoMVAEmbedder.cc
U CMGTools/Common/plugins/PATPFMuonEmbedder.cc
U CMGTools/Common/plugins/PFMETModificationProducer.cc
U CMGTools/Common/plugins/PFVertexProducer.cc
U CMGTools/Common/plugins/PFVertexProducer.h
U CMGTools/Common/plugins/PhysicsObjectPrinter.cc
U CMGTools/Common/plugins/PhysicsObjectPrinter.h
U CMGTools/Common/plugins/PhysicsObjectProducer.h
U CMGTools/Common/plugins/RecovRecHitFilter.cc
U CMGTools/Common/plugins/RunInfoAccountingAnalyzer.cc
U CMGTools/Common/plugins/RunInfoAccountingAnalyzer.h
U CMGTools/Common/plugins/ScrapingFilter.cc
U CMGTools/Common/plugins/SimpleParticleProducer.cc
U CMGTools/Common/plugins/SimpleParticleProducer.h
U CMGTools/Common/plugins/TopProjector.h
U CMGTools/Common/plugins/TotalKinematicsFilterCMG.cc
U CMGTools/Common/plugins/TrackIsolationFilter.cc
U CMGTools/Common/plugins/TrackIsolationFilter.h
U CMGTools/Common/plugins/TrackIsolationMaker.cc
U CMGTools/Common/plugins/TrackIsolationMaker.h
U CMGTools/Common/plugins/TrackingFailureFilter.cc
U CMGTools/Common/plugins/VbfHbbTracksOutOfJets.cc
U CMGTools/Common/prod/AOD_cfg.py
U CMGTools/Common/prod/CMG_cfg.py
U CMGTools/Common/prod/PATCMG_cfg.py
U CMGTools/Common/prod/cmgValidation.py
U CMGTools/Common/prod/eleCalibCrash2_cfg.py
U CMGTools/Common/prod/localCopy_AOD_cfg.py
U CMGTools/Common/prod/localCopy_cfg.py
U CMGTools/Common/prod/myRelvalList_3_11.py
U CMGTools/Common/prod/myRelvalList_4_1.py
U CMGTools/Common/prod/myRelvalList_4_2.py
U CMGTools/Common/prod/prunedAOD_cfg.py
U CMGTools/Common/python/PFVertexProducer_cfi.py
U CMGTools/Common/python/analysis_cff.py
U CMGTools/Common/python/countingSequences_cff.py
U CMGTools/Common/python/createFactory.py
U CMGTools/Common/python/cutSummary_cff.py
U CMGTools/Common/python/diElectron_cff.py
U CMGTools/Common/python/diHemi_cff.py
U CMGTools/Common/python/diMuon_cff.py
U CMGTools/Common/python/diTau_cff.py
U CMGTools/Common/python/electron_cff.py
U CMGTools/Common/python/gen_cff.py
U CMGTools/Common/python/genericPhysicsObjectSelector_cfi.py
U CMGTools/Common/python/hemi_cff.py
U CMGTools/Common/python/histogram_cff.py
U CMGTools/Common/python/jetId_cff.py
U CMGTools/Common/python/jet_cff.py
U CMGTools/Common/python/met_cff.py
U CMGTools/Common/python/muEle_cff.py
U CMGTools/Common/python/multiJet_cff.py
U CMGTools/Common/python/muon_cff.py
U CMGTools/Common/python/pfCandidate_cff.py
U CMGTools/Common/python/photon_cff.py
U CMGTools/Common/python/physicsObjectPrinter_cfi.py
U CMGTools/Common/python/runInfoAccounting_cff.py
U CMGTools/Common/python/runInfoAccounting_cfi.py
U CMGTools/Common/python/skim_cff.py
U CMGTools/Common/python/tauEle_cff.py
U CMGTools/Common/python/tauMu_cff.py
U CMGTools/Common/python/tau_cff.py
U CMGTools/Common/python/trigger_cff.py
U CMGTools/Common/python/wENu_cff.py
U CMGTools/Common/python/wMuNu_cff.py
U CMGTools/Common/python/CMG/CMG_cff.py
U CMGTools/Common/python/PAT/MetRegression_cff.py
U CMGTools/Common/python/PAT/MetSignificance_cff.py
U CMGTools/Common/python/PAT/PATCMG_cff.py
U CMGTools/Common/python/PAT/PATElectrons_cff.py
U CMGTools/Common/python/PAT/PATGenJet_cff.py
U CMGTools/Common/python/PAT/PATJetsCHS_cff.py
U CMGTools/Common/python/PAT/PATJets_cff.py
U CMGTools/Common/python/PAT/PATMet_cff.py
U CMGTools/Common/python/PAT/PATMuons_cff.py
U CMGTools/Common/python/PAT/PATPhotons_cff.py
U CMGTools/Common/python/PAT/PATTaus_cff.py
U CMGTools/Common/python/PAT/PATTrigger_cff.py
U CMGTools/Common/python/PAT/addFilterPaths_cff.py
U CMGTools/Common/python/PAT/addLeptCustomIsoDeposit_cff.py
U CMGTools/Common/python/PAT/addMETSignificance_cff.py
U CMGTools/Common/python/PAT/addMITElectronID.py
U CMGTools/Common/python/PAT/addPATElectronID_cff.py
U CMGTools/Common/python/PAT/addStdLeptons.py
U CMGTools/Common/python/PAT/electronIDs_cfi.py
U CMGTools/Common/python/PAT/jetSubstructure_cff.py
U CMGTools/Common/python/PAT/patCMGEventContent_cff.py
U CMGTools/Common/python/PAT/patCMGSchedule_cff.py
U CMGTools/Common/python/PAT/patConversions_cfi.py
U CMGTools/Common/python/PAT/patElectronID_cff.py
U CMGTools/Common/python/PAT/patElectronsWithDirectionalIsolation_cfi.py
U CMGTools/Common/python/PAT/patElectronsWithMVA_cfi.py
U CMGTools/Common/python/PAT/patElectronsWithRegressionVars_cfi.py
U CMGTools/Common/python/PAT/patElectronsWithTrigger_cff.py
U CMGTools/Common/python/PAT/patLeptModifiedIsoDeposit_cff.py
U CMGTools/Common/python/PAT/patMuonsWithDirectionalIsolation_cfi.py
U CMGTools/Common/python/PAT/patMuonsWithMVA_cfi.py
U CMGTools/Common/python/PAT/patMuonsWithPF_cfi.py
U CMGTools/Common/python/PAT/patMuonsWithTrigger_cff.py
U CMGTools/Common/python/PAT/photonPFIsolationDeposits_cff.py
U CMGTools/Common/python/PAT/removePhotonMatching.py
U CMGTools/Common/python/PAT/rho_cff.py
U CMGTools/Common/python/PAT/tauTools.py
U CMGTools/Common/python/Tools/applyJSON_cff.py
U CMGTools/Common/python/Tools/cmgBaseMETModifier_cfi.py
U CMGTools/Common/python/Tools/cmsswRelease.py
U CMGTools/Common/python/Tools/getGlobalTag.py
U CMGTools/Common/python/Tools/inputFiles.py
U CMGTools/Common/python/Tools/setupEleEnergyCorrections.py
U CMGTools/Common/python/Tools/setupGsfElectronCalibration.py
U CMGTools/Common/python/Tools/tuneCMGSequences.py
U CMGTools/Common/python/Tools/visitorUtils.py
U CMGTools/Common/python/eventCleaning/HBHEFilters_cff.py
U CMGTools/Common/python/eventCleaning/HBHENoiseFilter2010_cfi.py
U CMGTools/Common/python/eventCleaning/HBHENoiseFilter2011IsoDefault_cfi.py
U CMGTools/Common/python/eventCleaning/HBHENoiseFilter2011NonIsoRecommended_cfi.py
U CMGTools/Common/python/eventCleaning/HBHENoiseFilterResultProducer2010_cfi.py
U CMGTools/Common/python/eventCleaning/HBHENoiseFilterResultProducer2011IsoDefault_cfi.py
U CMGTools/Common/python/eventCleaning/HBHENoiseFilterResultProducer2011NonIsoRecommended_cfi.py
U CMGTools/Common/python/eventCleaning/eeNoiseFilter_cfi.py
U CMGTools/Common/python/eventCleaning/eventCleaning_cff.py
U CMGTools/Common/python/eventCleaning/goodPVFilter_cfi.py
U CMGTools/Common/python/eventCleaning/goodPrimaryVertexFilter_cfi.py
U CMGTools/Common/python/eventCleaning/recovRecHitFilter_cfi.py
U CMGTools/Common/python/eventCleaning/scrapingFilter_cfi.py
U CMGTools/Common/python/eventCleaning/totalKinematicsFilterCMG_cfi.py
U CMGTools/Common/python/eventCleaning/trackingFailureFilter_cfi.py
U CMGTools/Common/python/eventContent/eventCleaning_cff.py
U CMGTools/Common/python/eventContent/everything_cff.py
U CMGTools/Common/python/eventContent/gen_cff.py
U CMGTools/Common/python/eventContent/particleFlow_cff.py
U CMGTools/Common/python/eventContent/patEventContentCMG_cff.py
U CMGTools/Common/python/eventContent/reco_cff.py
U CMGTools/Common/python/eventContent/runInfoAccounting_cff.py
U CMGTools/Common/python/eventContent/traditional_cff.py
U CMGTools/Common/python/eventContent/trigger_cff.py
U CMGTools/Common/python/factories/cmgBaseCandMET_cfi.py
U CMGTools/Common/python/factories/cmgBaseJetScaler_cfi.py
U CMGTools/Common/python/factories/cmgBaseJet_cfi.py
U CMGTools/Common/python/factories/cmgBaseMETFromPFMET_cfi.py
U CMGTools/Common/python/factories/cmgBaseMET_cfi.py
U CMGTools/Common/python/factories/cmgDiElectron_cfi.py
U CMGTools/Common/python/factories/cmgDiFatJet_cfi.py
U CMGTools/Common/python/factories/cmgDiHemi_cfi.py
U CMGTools/Common/python/factories/cmgDiJet_cfi.py
U CMGTools/Common/python/factories/cmgDiMuon_cfi.py
U CMGTools/Common/python/factories/cmgDiObject_cfi.py
U CMGTools/Common/python/factories/cmgDiPFCandidate_cfi.py
U CMGTools/Common/python/factories/cmgDiPFJet_cfi.py
U CMGTools/Common/python/factories/cmgDiTauCor_cfi.py
U CMGTools/Common/python/factories/cmgDiTau_cfi.py
U CMGTools/Common/python/factories/cmgElectron_cfi.py
U CMGTools/Common/python/factories/cmgFatJet_cfi.py
U CMGTools/Common/python/factories/cmgHemi_cfi.py
U CMGTools/Common/python/factories/cmgL1TriggerObject_cfi.py
U CMGTools/Common/python/factories/cmgLepton_cfi.py
U CMGTools/Common/python/factories/cmgMuEleCor_cfi.py
U CMGTools/Common/python/factories/cmgMuEle_cfi.py
U CMGTools/Common/python/factories/cmgMultiJet_cfi.py
U CMGTools/Common/python/factories/cmgMuon_cfi.py
U CMGTools/Common/python/factories/cmgPFCandidate_cfi.py
U CMGTools/Common/python/factories/cmgPFJetScaler_cfi.py
U CMGTools/Common/python/factories/cmgPFJet_cfi.py
U CMGTools/Common/python/factories/cmgPFMETScaler_cfi.py
U CMGTools/Common/python/factories/cmgPhoton_cfi.py
U CMGTools/Common/python/factories/cmgStructuredPFJet_cfi.py
U CMGTools/Common/python/factories/cmgTauEleCor_cfi.py
U CMGTools/Common/python/factories/cmgTauEle_cfi.py
U CMGTools/Common/python/factories/cmgTauMuCor_cfi.py
U CMGTools/Common/python/factories/cmgTauMu_cfi.py
U CMGTools/Common/python/factories/cmgTauScaler_cfi.py
U CMGTools/Common/python/factories/cmgTau_cfi.py
U CMGTools/Common/python/factories/cmgTriggerObjectList_cfi.py
U CMGTools/Common/python/factories/cmgTriggerObject_cfi.py
U CMGTools/Common/python/factories/cmgWENu_cfi.py
U CMGTools/Common/python/factories/cmgWMuNu_cfi.py
U CMGTools/Common/python/factories/genJetFactory_cfi.py
U CMGTools/Common/python/factories/pfJetFactory_cfi.py
U CMGTools/Common/python/generator/genJets_cff.py
U CMGTools/Common/python/generator/genLeptonsSatus1_cfi.py
U CMGTools/Common/python/generator/genLeptonsSatus2_cfi.py
U CMGTools/Common/python/generator/genLeptons_cff.py
U CMGTools/Common/python/generator/genParticlesPruned_cfi.py
U CMGTools/Common/python/generator/genParticlesStatus3_cfi.py
U CMGTools/Common/python/generator/genWorZ_cfi.py
U CMGTools/Common/python/generator/listParticles_cfi.py
U CMGTools/Common/python/histograms/__init__.py
U CMGTools/Common/python/histograms/baseJetLorentzVector_cfi.py
U CMGTools/Common/python/histograms/baseMETHistograms_cfi.py
U CMGTools/Common/python/histograms/cmgDiElectronHistograms_cfi.py
U CMGTools/Common/python/histograms/cmgDiHemiHistograms_cfi.py
U CMGTools/Common/python/histograms/cmgDiMuonHistograms_cfi.py
U CMGTools/Common/python/histograms/cmgElectronHistograms_cfi.py
U CMGTools/Common/python/histograms/cmgGenericPOHistograms_cfi.py
U CMGTools/Common/python/histograms/cmgHemiHistograms_cfi.py
U CMGTools/Common/python/histograms/cmgMultiJetHistograms_cfi.py
U CMGTools/Common/python/histograms/cmgMuonHistograms_cfi.py
U CMGTools/Common/python/histograms/cmgPhotonHistograms_cfi.py
U CMGTools/Common/python/histograms/cmgTauHistograms_cfi.py
U CMGTools/Common/python/histograms/diTauLorentzVector_cfi.py
U CMGTools/Common/python/histograms/dimuonLorentzVector_cfi.py
U CMGTools/Common/python/histograms/ditauLorentzVector_cfi.py
U CMGTools/Common/python/histograms/electronHistogram_cff.py
U CMGTools/Common/python/histograms/electronLorentzVector_cfi.py
U CMGTools/Common/python/histograms/jetHistogram_cff.py
U CMGTools/Common/python/histograms/metHistogram_cff.py
U CMGTools/Common/python/histograms/muonHistogram_cff.py
U CMGTools/Common/python/histograms/muonLorentzVector_cfi.py
U CMGTools/Common/python/histograms/patMETHistograms_cfi.py
U CMGTools/Common/python/histograms/pfCandLorentzVector_cfi.py
U CMGTools/Common/python/histograms/pfJetHistograms_cfi.py
U CMGTools/Common/python/histograms/pfJetLorentzVector_cfi.py
U CMGTools/Common/python/histograms/tauHistogram_cff.py
U CMGTools/Common/python/histograms/tauLorentzVector_cfi.py
U CMGTools/Common/python/histograms/triggerCorrelationHistograms_cfi.py
U CMGTools/Common/python/histograms/wLorentzVector_cfi.py
U CMGTools/Common/python/miscProducers/cmgPFJetCleaner_cfi.py
U CMGTools/Common/python/miscProducers/cmgPFJetCorrector_cfi.py
U CMGTools/Common/python/miscProducers/cmgPatElectronProducer_cfi.py
U CMGTools/Common/python/miscProducers/cmgPatMuonProducer_cfi.py
U CMGTools/Common/python/miscProducers/deltaPhiJetMET_cfi.py
U CMGTools/Common/python/miscProducers/deltaRJetElectrons_cfi.py
U CMGTools/Common/python/miscProducers/deltaRJetMuons_cfi.py
U CMGTools/Common/python/miscProducers/metSignificance_cfi.py
U CMGTools/Common/python/miscProducers/misc_cff.py
U CMGTools/Common/python/miscProducers/simpleParticleFlow_cfi.py
U CMGTools/Common/python/miscProducers/trackIsolationMaker_cfi.py
U CMGTools/Common/python/miscProducers/collectionSize/candidateSize_cfi.py
U CMGTools/Common/python/miscProducers/collectionSize/collectionSize_cff.py
U CMGTools/Common/python/miscProducers/collectionSize/vertexSize_cfi.py
U CMGTools/Common/python/miscProducers/mvaMET/metRegression_cff.py
U CMGTools/Common/python/release_info/CMSSW_3_8_7.py
U CMGTools/Common/python/release_info/CMSSW_4_1_3.py
U CMGTools/Common/python/release_info/CMSSW_4_1_4.py
U CMGTools/Common/python/release_info/CMSSW_4_1_5.py
U CMGTools/Common/python/release_info/CMSSW_4_2_3.py
U CMGTools/Common/python/release_info/CMSSW_4_2_3_exp_colin_june10.py
U CMGTools/Common/python/release_info/CMSSW_4_2_3_exp_colin_june15.py
U CMGTools/Common/python/release_info/CMSSW_4_2_3_exp_colin_june18.py
U CMGTools/Common/python/release_info/CMSSW_4_2_3_exp_colin_june23.py
U CMGTools/Common/python/release_info/CMSSW_4_2_3_exp_colin_june29.py
U CMGTools/Common/python/release_info/CMSSW_4_2_3_patch1.py
U CMGTools/Common/python/release_info/CMSSW_4_2_3_patch1_exp_colin_may27.py
U CMGTools/Common/python/release_info/CMSSW_4_2_3_patch1_exp_colin_may31.py
U CMGTools/Common/python/release_info/CMSSW_4_2_3_patch1_exp_colin_may31b.py
U CMGTools/Common/python/release_info/CMSSW_4_2_5.py
U CMGTools/Common/python/release_info/CMSSW_4_2_5_exp_V2_1_0.py
U CMGTools/Common/python/release_info/CMSSW_4_2_5_exp_V2_2_0.py
U CMGTools/Common/python/release_info/CMSSW_4_2_5_exp_colin_july22.py
U CMGTools/Common/python/release_info/CMSSW_4_2_5_exp_colin_july26.py
U CMGTools/Common/python/release_info/CMSSW_4_2_5_exp_colin_june29.py
U CMGTools/Common/python/release_info/CMSSW_4_2_8.py
U CMGTools/Common/python/release_info/CMSSW_4_2_8_exp_V2_3_0.py
U CMGTools/Common/python/release_info/CMSSW_4_2_8_exp_V2_4_0.py
U CMGTools/Common/python/release_info/CMSSW_4_2_8_exp_V2_4_0_1.py
U CMGTools/Common/python/release_info/CMSSW_4_2_8_exp_V2_4_1.py
U CMGTools/Common/python/release_info/CMSSW_4_2_8_exp_colin_nov14.py
U CMGTools/Common/python/release_info/CMSSW_4_2_8_exp_colin_nov15.py
U CMGTools/Common/python/release_info/CMSSW_4_2_8_exp_colin_nov29.py
U CMGTools/Common/python/release_info/CMSSW_4_2_8_exp_colin_oct14.py
U CMGTools/Common/python/release_info/CMSSW_4_2_8_exp_colin_oct18.py
U CMGTools/Common/python/release_info/CMSSW_4_2_8_exp_testnewformat.py
U CMGTools/Common/python/release_info/CMSSW_4_2_8_patch7_exp_V2_5_0.py
U CMGTools/Common/python/release_info/CMSSW_4_2_8_patch7_exp_colin_BleedingEdge.py
U CMGTools/Common/python/release_info/CMSSW_4_4_3_exp_V3_1_0.py
U CMGTools/Common/python/release_info/CMSSW_4_4_3_exp_colin_BleedingEdge.py
U CMGTools/Common/python/release_info/CMSSW_4_4_3_exp_colin_Feb02.py
U CMGTools/Common/python/release_info/CMSSW_4_4_3_exp_colin_Feb09.py
U CMGTools/Common/python/release_info/CMSSW_4_4_4_exp_V4_0_0.py
U CMGTools/Common/python/release_info/CMSSW_4_4_4_exp_V5_3_0.py
U CMGTools/Common/python/release_info/CMSSW_4_4_4_exp_V5_4_0.py
U CMGTools/Common/python/release_info/CMSSW_4_4_4_exp_colin_BleedingEdge.py
U CMGTools/Common/python/release_info/CMSSW_4_4_4_exp_cris_V4_0_2.py
U CMGTools/Common/python/release_info/CMSSW_4_4_4_rel_V5_0_0.py
U CMGTools/Common/python/release_info/CMSSW_4_4_4_rel_V5_1_0.py
U CMGTools/Common/python/release_info/CMSSW_4_4_4_rel_V5_2_0.py
U CMGTools/Common/python/release_info/CMSSW_4_4_4_rel_V5_4_1.py
U CMGTools/Common/python/release_info/CMSSW_4_4_4_rel_V5_5_0.py
U CMGTools/Common/python/release_info/CMSSW_4_4_4_rel_V5_5_1.py
U CMGTools/Common/python/release_info/CMSSW_4_4_4_rel_V5_6_0.py
U CMGTools/Common/python/release_info/CMSSW_4_4_4_rel_V5_9_0.py
U CMGTools/Common/python/release_info/CMSSW_4_4_5_exp_BleedingEdge.py
U CMGTools/Common/python/release_info/CMSSW_4_4_5_rel_V5_12_0.py
U CMGTools/Common/python/release_info/CMSSW_4_4_5_rel_V5_15_0.py
U CMGTools/Common/python/release_info/CMSSW_5_1_2_exp_BleedingEdge.py
U CMGTools/Common/python/release_info/CMSSW_5_2_0_exp_BleedingEdge.py
U CMGTools/Common/python/release_info/CMSSW_5_2_3_patch2_exp_BleedingEdge.py
U CMGTools/Common/python/release_info/CMSSW_5_2_3_patch2_exp_ForTaejeong.py
U CMGTools/Common/python/release_info/CMSSW_5_2_4_exp_BleedingEdge.py
U CMGTools/Common/python/release_info/CMSSW_5_2_5_exp_BleedingEdge.py
U CMGTools/Common/python/release_info/CMSSW_5_2_5_exp_V5_3_0.py
U CMGTools/Common/python/release_info/CMSSW_5_2_5_exp_V5_4_0.py
U CMGTools/Common/python/release_info/CMSSW_5_2_5_rel_V5_4_0_1.py
U CMGTools/Common/python/release_info/CMSSW_5_2_5_rel_V5_5_0.py
U CMGTools/Common/python/release_info/CMSSW_5_3_0_exp_BleedingEdge.py
U CMGTools/Common/python/release_info/CMSSW_5_3_0_rel_V5_5_0.py
U CMGTools/Common/python/release_info/CMSSW_5_3_0_rel_V5_5_1.py
U CMGTools/Common/python/release_info/CMSSW_5_3_3_patch3_exp_BleedingEdge.py
U CMGTools/Common/python/release_info/CMSSW_5_3_3_patch3_rel_V5_10_0.py
U CMGTools/Common/python/release_info/CMSSW_5_3_3_patch3_rel_V5_6_0.py
U CMGTools/Common/python/release_info/CMSSW_5_3_3_patch3_rel_V5_7_0.py
U CMGTools/Common/python/release_info/CMSSW_5_3_3_patch3_rel_V5_8_0.py
U CMGTools/Common/python/release_info/CMSSW_5_3_5_exp_BleedingEdge.py
U CMGTools/Common/python/release_info/CMSSW_5_3_7_exp_BleedingEdge.py
U CMGTools/Common/python/release_info/CMSSW_5_3_7_patch4_exp_BleedingEdge.py
U CMGTools/Common/python/release_info/CMSSW_5_3_7_patch4_rel_V5_13_0.py
U CMGTools/Common/python/release_info/CMSSW_5_3_7_rel_V5_11_0.py
U CMGTools/Common/python/release_info/CMSSW_5_3_7_rel_V5_12_0.py
U CMGTools/Common/python/release_info/CMSSW_5_3_9_exp_BleedingEdge.py
U CMGTools/Common/python/release_info/CMSSW_5_3_9_rel_V5_14_0.py
U CMGTools/Common/python/release_info/CMSSW_5_3_9_rel_V5_15_0.py
U CMGTools/Common/python/roodatasets/cmgDiMuonDataSet_cfi.py
U CMGTools/Common/python/roodatasets/cmgDiTauDataSet_cfi.py
U CMGTools/Common/python/runInfoAccounting/runInfoAccountingData_cfi.py
U CMGTools/Common/python/runInfoAccounting/runInfoAccounting_cfi.py
U CMGTools/Common/python/selections/btaggedjet_cfi.py
U CMGTools/Common/python/selections/cicelectron_cfi.py
U CMGTools/Common/python/selections/cutSummaryDiTau_cfi.py
U CMGTools/Common/python/selections/cutSummaryElectron_cfi.py
U CMGTools/Common/python/selections/cutSummaryMuon_cfi.py
U CMGTools/Common/python/selections/cutSummaryPFJet_cfi.py
U CMGTools/Common/python/selections/cutSummaryTau_cfi.py
U CMGTools/Common/python/selections/cutidelectron_cfi.py
U CMGTools/Common/python/selections/dijet_cfi.py
U CMGTools/Common/python/selections/electronCutSummary_cff.py
U CMGTools/Common/python/selections/isolation_cfi.py
U CMGTools/Common/python/selections/jetCutSummary_cff.py
U CMGTools/Common/python/selections/jetId_cfi.py
U CMGTools/Common/python/selections/kinematics_cfi.py
U CMGTools/Common/python/selections/muonCutSummary_cff.py
U CMGTools/Common/python/selections/muonIDs_cfi.py
U CMGTools/Common/python/selections/tauCutSummary_cff.py
U CMGTools/Common/python/selections/vbtfelectron_cfi.py
U CMGTools/Common/python/selections/vbtfmuon_cfi.py
U CMGTools/Common/python/selections/zee_cfi.py
U CMGTools/Common/python/skims/cmgBaseJetSel_cfi.py
U CMGTools/Common/python/skims/cmgBaseMETSel_cfi.py
U CMGTools/Common/python/skims/cmgCandCount_cfi.py
U CMGTools/Common/python/skims/cmgCandMerge_cfi.py
U CMGTools/Common/python/skims/cmgCandSel_cfi.py
U CMGTools/Common/python/skims/cmgDiElectronCount_cfi.py
U CMGTools/Common/python/skims/cmgDiElectronSel_cfi.py
U CMGTools/Common/python/skims/cmgDiMuonCount_cfi.py
U CMGTools/Common/python/skims/cmgDiMuonSel_cfi.py
U CMGTools/Common/python/skims/cmgDiPFCandidateSel_cfi.py
U CMGTools/Common/python/skims/cmgDiTauCount_cfi.py
U CMGTools/Common/python/skims/cmgDiTauSel_cfi.py
U CMGTools/Common/python/skims/cmgElectronCount_cfi.py
U CMGTools/Common/python/skims/cmgElectronSel_cfi.py
U CMGTools/Common/python/skims/cmgL1TriggerObjectCount_cfi.py
U CMGTools/Common/python/skims/cmgL1TriggerObjectSel_cfi.py
U CMGTools/Common/python/skims/cmgMuEleCount_cfi.py
U CMGTools/Common/python/skims/cmgMuEleSel_cfi.py
U CMGTools/Common/python/skims/cmgMuonCount_cfi.py
U CMGTools/Common/python/skims/cmgMuonSel_cfi.py
U CMGTools/Common/python/skims/cmgPFBaseJetCount_cfi.py
U CMGTools/Common/python/skims/cmgPFBaseJetSel_cfi.py
U CMGTools/Common/python/skims/cmgPFJetCount_cfi.py
U CMGTools/Common/python/skims/cmgPFJetSel_cfi.py
U CMGTools/Common/python/skims/cmgPFMETCount_cfi.py
U CMGTools/Common/python/skims/cmgPFMETSel_cfi.py
U CMGTools/Common/python/skims/cmgPOSel_cfi.py
U CMGTools/Common/python/skims/cmgPhotonSel_cfi.py
U CMGTools/Common/python/skims/cmgStructuredPFJetSel_cfi.py
U CMGTools/Common/python/skims/cmgTauCount_cfi.py
U CMGTools/Common/python/skims/cmgTauEleCount_cfi.py
U CMGTools/Common/python/skims/cmgTauEleSel_cfi.py
U CMGTools/Common/python/skims/cmgTauMuCount_cfi.py
U CMGTools/Common/python/skims/cmgTauMuSel_cfi.py
U CMGTools/Common/python/skims/cmgTauSel_cfi.py
U CMGTools/Common/python/skims/cmgTriggerObjectCount_cfi.py
U CMGTools/Common/python/skims/cmgTriggerObjectListCount_cfi.py
U CMGTools/Common/python/skims/cmgTriggerObjectListSel_cfi.py
U CMGTools/Common/python/skims/cmgTriggerObjectSel_cfi.py
U CMGTools/Common/python/skims/cmgWENuCount_cfi.py
U CMGTools/Common/python/skims/cmgWENuSel_cfi.py
U CMGTools/Common/python/skims/cmgWMuNuCount_cfi.py
U CMGTools/Common/python/skims/cmgWMuNuSel_cfi.py
U CMGTools/Common/python/skims/electronSkim_cff.py
U CMGTools/Common/python/skims/indexCMGPFJetSelector_cfi.py
U CMGTools/Common/python/skims/jetSkim_cff.py
U CMGTools/Common/python/skims/leadingCMGBaseJetSelector_cfi.py
U CMGTools/Common/python/skims/leadingCMGElectronSelector_cfi.py
U CMGTools/Common/python/skims/leadingCMGMuonSelector_cfi.py
U CMGTools/Common/python/skims/leadingCMGPFJetSelector_cfi.py
U CMGTools/Common/python/skims/metSkim_cff.py
U CMGTools/Common/python/skims/muonSkim_cff.py
U CMGTools/Common/python/skims/patJetLead_cfi.py
U CMGTools/Common/python/skims/selEvents1VeryHighPtJet_cff.py
U CMGTools/Common/python/skims/selEvents2HighPtJets_cff.py
U CMGTools/Common/python/skims/tauSkim_cff.py
U CMGTools/Common/python/templates/BuildFile_factory.txt
U CMGTools/Common/python/templates/BuildFile_formats.txt
U CMGTools/Common/python/templates/BuildFile_plugins.txt
U CMGTools/Common/python/templates/Histograms_py.txt
U CMGTools/Common/python/templates/PhysicsObjectFactory_cc.txt
U CMGTools/Common/python/templates/PhysicsObjectFactory_h.txt
U CMGTools/Common/python/templates/PhysicsObjectFactory_py.txt
U CMGTools/Common/python/templates/PhysicsObjectPlugins_cc.txt
U CMGTools/Common/python/templates/PhysicsObject_h.txt
U CMGTools/Common/python/templates/Sequences_py.txt
U CMGTools/Common/python/templates/classes_def_xml.txt
U CMGTools/Common/python/templates/classes_h.txt
U CMGTools/Common/python/templates/templates.py
U CMGTools/Common/python/testing_sources/CMSSW_4_2_5.py
U CMGTools/Common/python/testing_sources/CMSSW_4_2_8.py
U CMGTools/Common/python/testing_sources/sourceFiles.py
U CMGTools/Common/scripts/releaseInfo.py
U CMGTools/Common/src/AnalysisHistograms.cc
U CMGTools/Common/src/BaseJetFactory.cc
U CMGTools/Common/src/BaseMETModificationFactory.cc
U CMGTools/Common/src/CMGElectronMVAEstimator.cc
U CMGTools/Common/src/ElectronFactory.cc
U CMGTools/Common/src/ElectronIDMVA.cc
U CMGTools/Common/src/FatJetFactory.cc
U CMGTools/Common/src/HemiFactory.cc
U CMGTools/Common/src/JetComponentHistograms.cc
U CMGTools/Common/src/JetHistograms.cc
U CMGTools/Common/src/L1TriggerObjectFactory.cc
U CMGTools/Common/src/LorentzHistograms.cc
U CMGTools/Common/src/METScaler.cc
U CMGTools/Common/src/MetUtilities.cc
U CMGTools/Common/src/MultiObjectFactory.cc
U CMGTools/Common/src/MultiObjectSettingTool.cc
U CMGTools/Common/src/MuonFactory.cc
U CMGTools/Common/src/PFJetFactory.cc
U CMGTools/Common/src/PhotonFactory.cc
U CMGTools/Common/src/RunInfoAccounting.cc
U CMGTools/Common/src/SAKLooseLepton.cc
U CMGTools/Common/src/SpecificIsolation.cc
U CMGTools/Common/src/StructuredPFJetFactory.cc
U CMGTools/Common/src/TauFactory.cc
U CMGTools/Common/src/TriggerObjectFactory.cc
U CMGTools/Common/src/TriggerResultHistograms.cc
U CMGTools/Common/test/collectionCounting_cfg.py
U CMGTools/Common/test/pi0s_cfg.py
U CMGTools/Common/test/selectVEventRange_cfg.py
U CMGTools/Common/test/skim_cfg.py
U CMGTools/Common/test/testApplyJSON_cfg.py
U CMGTools/Common/test/testCMGPatElectronProducer_cfg.py
U CMGTools/Common/test/testCMGTools_cfg.py
U CMGTools/Common/test/testEventCleaning_cfg.py
U CMGTools/Common/test/testGen_cfg.py
U CMGTools/Common/test/testJetEnergyCorrector_cfg.py
U CMGTools/Common/test/testMiscProducers_cfg.py
U CMGTools/Common/test/testMultipleSequences_cfg.py
U CMGTools/Common/test/testPhoton_cfg.py
U CMGTools/Common/test/testRunInfoAccounting_cfg.py
U CMGTools/Common/test/testTauScaler_cfg.py
U CMGTools/Common/test/testVertexWeight_cfg.py
U CMGTools/Common/test/macros/TreeHolder.py
U CMGTools/Common/test/macros/cmgBasicInit.py
U CMGTools/Common/test/macros/cmgBasicPlots.py
U CMGTools/Common/test/macros/init.C
U CMGTools/Common/test/macros/jetComponents.py
U CMGTools/Common/test/macros/jetHistograms.py
U CMGTools/Common/test/macros/jetTree.py
U CMGTools/Common/test/macros/jetVsGenJet.py
U CMGTools/Common/test/macros/plotJets.C
U CMGTools/Common/test/macros/plotMET.C
U CMGTools/Common/test/macros/plotRIA.C
U CMGTools/Common/test/macros/rootlogon.C
U CMGTools/Common/test/macros/testPlot.py
U CMGTools/Common/test/unittests/TestBuild.py
U CMGTools/Common/test/unittests/TestElectron.py
U CMGTools/Common/test/unittests/TestHemi.py
U CMGTools/Common/test/unittests/TestJet.py
U CMGTools/Common/test/unittests/TestMET.py
U CMGTools/Common/test/unittests/TestMultiJet.py
U CMGTools/Common/test/unittests/TestMuon.py
U CMGTools/Common/test/unittests/TestPhoton.py
U CMGTools/Common/test/unittests/TestSuite.py
U CMGTools/Common/test/unittests/TestTau.py
U CMGTools/Common/test/unittests/TestTrigger.py
U CMGTools/Common/test/unittests/TestWENu.py
U CMGTools/Common/test/unittests/TestWMuNu.py
[ap-forColin-445-v1 26415f9] CMGTools/Common lucieg_Ap18_44X
 564 files changed, 131439 insertions(+), 0 deletions(-)
 create mode 100644 CMGTools/Common/.admin/developers
 create mode 100644 CMGTools/Common/.cdtproject
 create mode 100644 CMGTools/Common/.project
 create mode 100644 CMGTools/Common/.pydevproject
 create mode 100644 CMGTools/Common/BuildFile.xml
 create mode 100755 CMGTools/Common/bin/installCMGTools.py
 create mode 100644 CMGTools/Common/data/ElectronMVAWeights/Subdet0HighPt_NoIPInfo_BDTG.weights.xml
 create mode 100644 CMGTools/Common/data/ElectronMVAWeights/Subdet0LowPt_NoIPInfo_BDTG.weights.xml
 create mode 100644 CMGTools/Common/data/ElectronMVAWeights/Subdet1HighPt_NoIPInfo_BDTG.weights.xml
 create mode 100644 CMGTools/Common/data/ElectronMVAWeights/Subdet1LowPt_NoIPInfo_BDTG.weights.xml
 create mode 100644 CMGTools/Common/data/ElectronMVAWeights/Subdet2HighPt_NoIPInfo_BDTG.weights.xml
 create mode 100644 CMGTools/Common/data/ElectronMVAWeights/Subdet2LowPt_NoIPInfo_BDTG.weights.xml
 create mode 100644 CMGTools/Common/data/TMVA_BDTSimpleCat.weights.xml
 create mode 100644 CMGTools/Common/interface/AnalysisHistograms.h
 create mode 100644 CMGTools/Common/interface/BaseJetFactory.h
 create mode 100644 CMGTools/Common/interface/BaseMETFactory.h
 create mode 100644 CMGTools/Common/interface/BaseMETModificationFactory.h
 create mode 100644 CMGTools/Common/interface/CMGElectronMVAEstimator.h
 create mode 100644 CMGTools/Common/interface/CompoundFactories.h
 create mode 100644 CMGTools/Common/interface/Cut.h
 create mode 100644 CMGTools/Common/interface/CutSummaryAnalyzer.h
 create mode 100644 CMGTools/Common/interface/DiObjectFactory.h
 create mode 100644 CMGTools/Common/interface/DiObjectPairFactory.h
 create mode 100644 CMGTools/Common/interface/DiObjectUpdateFactory.h
 create mode 100644 CMGTools/Common/interface/ElectronFactory.h
 create mode 100644 CMGTools/Common/interface/ElectronIDMVA.h
 create mode 100644 CMGTools/Common/interface/Factory.h
 create mode 100644 CMGTools/Common/interface/FatJetFactory.h
 create mode 100644 CMGTools/Common/interface/GenericFactories.h
 create mode 100644 CMGTools/Common/interface/GenericHistograms.h
 create mode 100644 CMGTools/Common/interface/GenericPhysicsObjectSelectorDefinition.h
 create mode 100644 CMGTools/Common/interface/GenericRooDataSets.h
 create mode 100644 CMGTools/Common/interface/HemiBalanceAlgos.h
 create mode 100644 CMGTools/Common/interface/HemiFactory.h
 create mode 100644 CMGTools/Common/interface/HistogramCreator.h
 create mode 100644 CMGTools/Common/interface/JetComponentHistograms.h
 create mode 100644 CMGTools/Common/interface/JetHistograms.h
 create mode 100644 CMGTools/Common/interface/L1TriggerObjectFactory.h
 create mode 100644 CMGTools/Common/interface/LeptonSettingTool.h
 create mode 100644 CMGTools/Common/interface/LorentzHistograms.h
 create mode 100644 CMGTools/Common/interface/METScaler.h
 create mode 100644 CMGTools/Common/interface/MVAJetTools.h
 create mode 100644 CMGTools/Common/interface/MetUtilities.h
 create mode 100644 CMGTools/Common/interface/MultiObjectFactory.h
 create mode 100644 CMGTools/Common/interface/MultiObjectSettingTool.h
 create mode 100644 CMGTools/Common/interface/MuonFactory.h
 create mode 100644 CMGTools/Common/interface/ObjectSmear.h
 create mode 100644 CMGTools/Common/interface/PFJetFactory.h
 create mode 100644 CMGTools/Common/interface/PhotonFactory.h
 create mode 100644 CMGTools/Common/interface/PhysicsObjectFactory.h
 create mode 100644 CMGTools/Common/interface/RunInfoAccounting.h
 create mode 100644 CMGTools/Common/interface/SAKLooseLepton.h
 create mode 100644 CMGTools/Common/interface/Scaler.h
 create mode 100644 CMGTools/Common/interface/SettingTool.h
 create mode 100644 CMGTools/Common/interface/SpecificIsolation.h
 create mode 100644 CMGTools/Common/interface/StructuredPFJetFactory.h
 create mode 100644 CMGTools/Common/interface/TauFactory.h
 create mode 100644 CMGTools/Common/interface/TriggerObjectFactory.h
 create mode 100644 CMGTools/Common/interface/TriggerResultHistograms.h
 create mode 100644 CMGTools/Common/interface/next_combination.h
 create mode 100644 CMGTools/Common/macros/jetStack.C
 create mode 100644 CMGTools/Common/plugins/BuildFile.xml
 create mode 100644 CMGTools/Common/plugins/CMGPATElectronProducer.cc
 create mode 100644 CMGTools/Common/plugins/CMGPATMuonProducer.cc
 create mode 100644 CMGTools/Common/plugins/CMGTools.cc
 create mode 100644 CMGTools/Common/plugins/CMGTools.h
 create mode 100644 CMGTools/Common/plugins/CollectionSizeProducer.h
 create mode 100644 CMGTools/Common/plugins/CutSummaryAnalyzer.cc
 create mode 100644 CMGTools/Common/plugins/DeltaPhiProducer.cc
 create mode 100644 CMGTools/Common/plugins/DeltaRVetoProducer.h
 create mode 100644 CMGTools/Common/plugins/DirectionalIsolationProducer.cc
 create mode 100644 CMGTools/Common/plugins/DirectionalIsolationProducer.h
 create mode 100644 CMGTools/Common/plugins/EENoiseFilter.cc
 create mode 100644 CMGTools/Common/plugins/EventCounter.cc
 create mode 100644 CMGTools/Common/plugins/EventCounter.h
 create mode 100644 CMGTools/Common/plugins/GenericPhysicsObjectSelector.cc
 create mode 100644 CMGTools/Common/plugins/GoodPrimaryVertexFilter.cc
 create mode 100644 CMGTools/Common/plugins/HistogramAnalyzer.h
 create mode 100644 CMGTools/Common/plugins/IndexObjectsSelector.h
 create mode 100644 CMGTools/Common/plugins/JetEnergyCorrector.h
 create mode 100644 CMGTools/Common/plugins/JetExtendedProducer.cc
 create mode 100644 CMGTools/Common/plugins/LeadingObjectsSelector.h
 create mode 100644 CMGTools/Common/plugins/METSignificanceProducer.cc
 create mode 100644 CMGTools/Common/plugins/MetFlavorProducer.cc
 create mode 100644 CMGTools/Common/plugins/MetFlavorProducer.h
 create mode 100644 CMGTools/Common/plugins/PATElectronIsoMVAEmbedder.cc
 create mode 100644 CMGTools/Common/plugins/PATElectronRegressionEmbedder.cc
 create mode 100644 CMGTools/Common/plugins/PATMuonIsoMVAEmbedder.cc
 create mode 100644 CMGTools/Common/plugins/PATPFMuonEmbedder.cc
 create mode 100644 CMGTools/Common/plugins/PFMETModificationProducer.cc
 create mode 100644 CMGTools/Common/plugins/PFVertexProducer.cc
 create mode 100644 CMGTools/Common/plugins/PFVertexProducer.h
 create mode 100644 CMGTools/Common/plugins/PhysicsObjectPrinter.cc
 create mode 100644 CMGTools/Common/plugins/PhysicsObjectPrinter.h
 create mode 100644 CMGTools/Common/plugins/PhysicsObjectProducer.h
 create mode 100644 CMGTools/Common/plugins/RecovRecHitFilter.cc
 create mode 100644 CMGTools/Common/plugins/RunInfoAccountingAnalyzer.cc
 create mode 100644 CMGTools/Common/plugins/RunInfoAccountingAnalyzer.h
 create mode 100644 CMGTools/Common/plugins/ScrapingFilter.cc
 create mode 100644 CMGTools/Common/plugins/SimpleParticleProducer.cc
 create mode 100644 CMGTools/Common/plugins/SimpleParticleProducer.h
 create mode 100644 CMGTools/Common/plugins/TopProjector.h
 create mode 100644 CMGTools/Common/plugins/TotalKinematicsFilterCMG.cc
 create mode 100644 CMGTools/Common/plugins/TrackIsolationFilter.cc
 create mode 100644 CMGTools/Common/plugins/TrackIsolationFilter.h
 create mode 100644 CMGTools/Common/plugins/TrackIsolationMaker.cc
 create mode 100644 CMGTools/Common/plugins/TrackIsolationMaker.h
 create mode 100644 CMGTools/Common/plugins/TrackingFailureFilter.cc
 create mode 100644 CMGTools/Common/plugins/VbfHbbTracksOutOfJets.cc
 create mode 100644 CMGTools/Common/prod/AOD_cfg.py
 create mode 100644 CMGTools/Common/prod/CMG_cfg.py
 create mode 100644 CMGTools/Common/prod/PATCMG_cfg.py
 create mode 100644 CMGTools/Common/prod/cmgValidation.py
 create mode 100644 CMGTools/Common/prod/eleCalibCrash2_cfg.py
 create mode 100644 CMGTools/Common/prod/localCopy_AOD_cfg.py
 create mode 100644 CMGTools/Common/prod/localCopy_cfg.py
 create mode 100644 CMGTools/Common/prod/myRelvalList_3_11.py
 create mode 100644 CMGTools/Common/prod/myRelvalList_4_1.py
 create mode 100644 CMGTools/Common/prod/myRelvalList_4_2.py
 create mode 100644 CMGTools/Common/prod/prunedAOD_cfg.py
 create mode 100644 CMGTools/Common/python/CMG/CMG_cff.py
 create mode 100644 CMGTools/Common/python/PAT/MetRegression_cff.py
 create mode 100644 CMGTools/Common/python/PAT/MetSignificance_cff.py
 create mode 100644 CMGTools/Common/python/PAT/PATCMG_cff.py
 create mode 100644 CMGTools/Common/python/PAT/PATElectrons_cff.py
 create mode 100644 CMGTools/Common/python/PAT/PATGenJet_cff.py
 create mode 100644 CMGTools/Common/python/PAT/PATJetsCHS_cff.py
 create mode 100644 CMGTools/Common/python/PAT/PATJets_cff.py
 create mode 100644 CMGTools/Common/python/PAT/PATMet_cff.py
 create mode 100644 CMGTools/Common/python/PAT/PATMuons_cff.py
 create mode 100644 CMGTools/Common/python/PAT/PATPhotons_cff.py
 create mode 100644 CMGTools/Common/python/PAT/PATTaus_cff.py
 create mode 100644 CMGTools/Common/python/PAT/PATTrigger_cff.py
 create mode 100644 CMGTools/Common/python/PAT/addFilterPaths_cff.py
 create mode 100644 CMGTools/Common/python/PAT/addLeptCustomIsoDeposit_cff.py
 create mode 100644 CMGTools/Common/python/PAT/addMETSignificance_cff.py
 create mode 100644 CMGTools/Common/python/PAT/addMITElectronID.py
 create mode 100644 CMGTools/Common/python/PAT/addPATElectronID_cff.py
 create mode 100644 CMGTools/Common/python/PAT/addStdLeptons.py
 create mode 100644 CMGTools/Common/python/PAT/electronIDs_cfi.py
 create mode 100644 CMGTools/Common/python/PAT/jetSubstructure_cff.py
 create mode 100644 CMGTools/Common/python/PAT/patCMGEventContent_cff.py
 create mode 100644 CMGTools/Common/python/PAT/patCMGSchedule_cff.py
 create mode 100644 CMGTools/Common/python/PAT/patConversions_cfi.py
 create mode 100644 CMGTools/Common/python/PAT/patElectronID_cff.py
 create mode 100644 CMGTools/Common/python/PAT/patElectronsWithDirectionalIsolation_cfi.py
 create mode 100644 CMGTools/Common/python/PAT/patElectronsWithMVA_cfi.py
 create mode 100644 CMGTools/Common/python/PAT/patElectronsWithRegressionVars_cfi.py
 create mode 100644 CMGTools/Common/python/PAT/patElectronsWithTrigger_cff.py
 create mode 100644 CMGTools/Common/python/PAT/patLeptModifiedIsoDeposit_cff.py
 create mode 100644 CMGTools/Common/python/PAT/patMuonsWithDirectionalIsolation_cfi.py
 create mode 100644 CMGTools/Common/python/PAT/patMuonsWithMVA_cfi.py
 create mode 100644 CMGTools/Common/python/PAT/patMuonsWithPF_cfi.py
 create mode 100644 CMGTools/Common/python/PAT/patMuonsWithTrigger_cff.py
 create mode 100644 CMGTools/Common/python/PAT/photonPFIsolationDeposits_cff.py
 create mode 100644 CMGTools/Common/python/PAT/removePhotonMatching.py
 create mode 100644 CMGTools/Common/python/PAT/rho_cff.py
 create mode 100644 CMGTools/Common/python/PAT/tauTools.py
 create mode 100644 CMGTools/Common/python/PFVertexProducer_cfi.py
 create mode 100755 CMGTools/Common/python/Tools/applyJSON_cff.py
 create mode 100644 CMGTools/Common/python/Tools/cmgBaseMETModifier_cfi.py
 create mode 100644 CMGTools/Common/python/Tools/cmsswRelease.py
 create mode 100644 CMGTools/Common/python/Tools/getGlobalTag.py
 create mode 100644 CMGTools/Common/python/Tools/inputFiles.py
 create mode 100644 CMGTools/Common/python/Tools/setupEleEnergyCorrections.py
 create mode 100644 CMGTools/Common/python/Tools/setupGsfElectronCalibration.py
 create mode 100644 CMGTools/Common/python/Tools/tuneCMGSequences.py
 create mode 100644 CMGTools/Common/python/Tools/visitorUtils.py
 create mode 100644 CMGTools/Common/python/analysis_cff.py
 create mode 100644 CMGTools/Common/python/countingSequences_cff.py
 create mode 100644 CMGTools/Common/python/createFactory.py
 create mode 100644 CMGTools/Common/python/cutSummary_cff.py
 create mode 100644 CMGTools/Common/python/diElectron_cff.py
 create mode 100644 CMGTools/Common/python/diHemi_cff.py
 create mode 100644 CMGTools/Common/python/diMuon_cff.py
 create mode 100644 CMGTools/Common/python/diTau_cff.py
 create mode 100644 CMGTools/Common/python/electron_cff.py
 create mode 100644 CMGTools/Common/python/eventCleaning/HBHEFilters_cff.py
 create mode 100644 CMGTools/Common/python/eventCleaning/HBHENoiseFilter2010_cfi.py
 create mode 100644 CMGTools/Common/python/eventCleaning/HBHENoiseFilter2011IsoDefault_cfi.py
 create mode 100644 CMGTools/Common/python/eventCleaning/HBHENoiseFilter2011NonIsoRecommended_cfi.py
 create mode 100644 CMGTools/Common/python/eventCleaning/HBHENoiseFilterResultProducer2010_cfi.py
 create mode 100644 CMGTools/Common/python/eventCleaning/HBHENoiseFilterResultProducer2011IsoDefault_cfi.py
 create mode 100644 CMGTools/Common/python/eventCleaning/HBHENoiseFilterResultProducer2011NonIsoRecommended_cfi.py
 create mode 100644 CMGTools/Common/python/eventCleaning/eeNoiseFilter_cfi.py
 create mode 100644 CMGTools/Common/python/eventCleaning/eventCleaning_cff.py
 create mode 100644 CMGTools/Common/python/eventCleaning/goodPVFilter_cfi.py
 create mode 100644 CMGTools/Common/python/eventCleaning/goodPrimaryVertexFilter_cfi.py
 create mode 100644 CMGTools/Common/python/eventCleaning/recovRecHitFilter_cfi.py
 create mode 100644 CMGTools/Common/python/eventCleaning/scrapingFilter_cfi.py
 create mode 100644 CMGTools/Common/python/eventCleaning/totalKinematicsFilterCMG_cfi.py
 create mode 100644 CMGTools/Common/python/eventCleaning/trackingFailureFilter_cfi.py
 create mode 100644 CMGTools/Common/python/eventContent/eventCleaning_cff.py
 create mode 100644 CMGTools/Common/python/eventContent/everything_cff.py
 create mode 100644 CMGTools/Common/python/eventContent/gen_cff.py
 create mode 100644 CMGTools/Common/python/eventContent/particleFlow_cff.py
 create mode 100644 CMGTools/Common/python/eventContent/patEventContentCMG_cff.py
 create mode 100644 CMGTools/Common/python/eventContent/reco_cff.py
 create mode 100644 CMGTools/Common/python/eventContent/runInfoAccounting_cff.py
 create mode 100644 CMGTools/Common/python/eventContent/traditional_cff.py
 create mode 100644 CMGTools/Common/python/eventContent/trigger_cff.py
 create mode 100644 CMGTools/Common/python/factories/cmgBaseCandMET_cfi.py
 create mode 100644 CMGTools/Common/python/factories/cmgBaseJetScaler_cfi.py
 create mode 100644 CMGTools/Common/python/factories/cmgBaseJet_cfi.py
 create mode 100644 CMGTools/Common/python/factories/cmgBaseMETFromPFMET_cfi.py
 create mode 100644 CMGTools/Common/python/factories/cmgBaseMET_cfi.py
 create mode 100644 CMGTools/Common/python/factories/cmgDiElectron_cfi.py
 create mode 100644 CMGTools/Common/python/factories/cmgDiFatJet_cfi.py
 create mode 100644 CMGTools/Common/python/factories/cmgDiHemi_cfi.py
 create mode 100644 CMGTools/Common/python/factories/cmgDiJet_cfi.py
 create mode 100644 CMGTools/Common/python/factories/cmgDiMuon_cfi.py
 create mode 100644 CMGTools/Common/python/factories/cmgDiObject_cfi.py
 create mode 100644 CMGTools/Common/python/factories/cmgDiPFCandidate_cfi.py
 create mode 100644 CMGTools/Common/python/factories/cmgDiPFJet_cfi.py
 create mode 100644 CMGTools/Common/python/factories/cmgDiTauCor_cfi.py
 create mode 100644 CMGTools/Common/python/factories/cmgDiTau_cfi.py
 create mode 100644 CMGTools/Common/python/factories/cmgElectron_cfi.py
 create mode 100644 CMGTools/Common/python/factories/cmgFatJet_cfi.py
 create mode 100644 CMGTools/Common/python/factories/cmgHemi_cfi.py
 create mode 100644 CMGTools/Common/python/factories/cmgL1TriggerObject_cfi.py
 create mode 100644 CMGTools/Common/python/factories/cmgLepton_cfi.py
 create mode 100644 CMGTools/Common/python/factories/cmgMuEleCor_cfi.py
 create mode 100644 CMGTools/Common/python/factories/cmgMuEle_cfi.py
 create mode 100644 CMGTools/Common/python/factories/cmgMultiJet_cfi.py
 create mode 100644 CMGTools/Common/python/factories/cmgMuon_cfi.py
 create mode 100644 CMGTools/Common/python/factories/cmgPFCandidate_cfi.py
 create mode 100644 CMGTools/Common/python/factories/cmgPFJetScaler_cfi.py
 create mode 100644 CMGTools/Common/python/factories/cmgPFJet_cfi.py
 create mode 100644 CMGTools/Common/python/factories/cmgPFMETScaler_cfi.py
 create mode 100644 CMGTools/Common/python/factories/cmgPhoton_cfi.py
 create mode 100644 CMGTools/Common/python/factories/cmgStructuredPFJet_cfi.py
 create mode 100644 CMGTools/Common/python/factories/cmgTauEleCor_cfi.py
 create mode 100644 CMGTools/Common/python/factories/cmgTauEle_cfi.py
 create mode 100644 CMGTools/Common/python/factories/cmgTauMuCor_cfi.py
 create mode 100644 CMGTools/Common/python/factories/cmgTauMu_cfi.py
 create mode 100644 CMGTools/Common/python/factories/cmgTauScaler_cfi.py
 create mode 100644 CMGTools/Common/python/factories/cmgTau_cfi.py
 create mode 100644 CMGTools/Common/python/factories/cmgTriggerObjectList_cfi.py
 create mode 100644 CMGTools/Common/python/factories/cmgTriggerObject_cfi.py
 create mode 100644 CMGTools/Common/python/factories/cmgWENu_cfi.py
 create mode 100644 CMGTools/Common/python/factories/cmgWMuNu_cfi.py
 create mode 100644 CMGTools/Common/python/factories/genJetFactory_cfi.py
 create mode 100644 CMGTools/Common/python/factories/pfJetFactory_cfi.py
 create mode 100644 CMGTools/Common/python/gen_cff.py
 create mode 100644 CMGTools/Common/python/generator/genJets_cff.py
 create mode 100644 CMGTools/Common/python/generator/genLeptonsSatus1_cfi.py
 create mode 100644 CMGTools/Common/python/generator/genLeptonsSatus2_cfi.py
 create mode 100644 CMGTools/Common/python/generator/genLeptons_cff.py
 create mode 100644 CMGTools/Common/python/generator/genParticlesPruned_cfi.py
 create mode 100644 CMGTools/Common/python/generator/genParticlesStatus3_cfi.py
 create mode 100644 CMGTools/Common/python/generator/genWorZ_cfi.py
 create mode 100644 CMGTools/Common/python/generator/listParticles_cfi.py
 create mode 100644 CMGTools/Common/python/genericPhysicsObjectSelector_cfi.py
 create mode 100644 CMGTools/Common/python/hemi_cff.py
 create mode 100644 CMGTools/Common/python/histogram_cff.py
 create mode 100644 CMGTools/Common/python/histograms/__init__.py
 create mode 100644 CMGTools/Common/python/histograms/baseJetLorentzVector_cfi.py
 create mode 100644 CMGTools/Common/python/histograms/baseMETHistograms_cfi.py
 create mode 100644 CMGTools/Common/python/histograms/cmgDiElectronHistograms_cfi.py
 create mode 100644 CMGTools/Common/python/histograms/cmgDiHemiHistograms_cfi.py
 create mode 100644 CMGTools/Common/python/histograms/cmgDiMuonHistograms_cfi.py
 create mode 100644 CMGTools/Common/python/histograms/cmgElectronHistograms_cfi.py
 create mode 100644 CMGTools/Common/python/histograms/cmgGenericPOHistograms_cfi.py
 create mode 100644 CMGTools/Common/python/histograms/cmgHemiHistograms_cfi.py
 create mode 100644 CMGTools/Common/python/histograms/cmgMultiJetHistograms_cfi.py
 create mode 100644 CMGTools/Common/python/histograms/cmgMuonHistograms_cfi.py
 create mode 100644 CMGTools/Common/python/histograms/cmgPhotonHistograms_cfi.py
 create mode 100644 CMGTools/Common/python/histograms/cmgTauHistograms_cfi.py
 create mode 100644 CMGTools/Common/python/histograms/diTauLorentzVector_cfi.py
 create mode 100644 CMGTools/Common/python/histograms/dimuonLorentzVector_cfi.py
 create mode 100644 CMGTools/Common/python/histograms/ditauLorentzVector_cfi.py
 create mode 100644 CMGTools/Common/python/histograms/electronHistogram_cff.py
 create mode 100644 CMGTools/Common/python/histograms/electronLorentzVector_cfi.py
 create mode 100644 CMGTools/Common/python/histograms/jetHistogram_cff.py
 create mode 100644 CMGTools/Common/python/histograms/metHistogram_cff.py
 create mode 100644 CMGTools/Common/python/histograms/muonHistogram_cff.py
 create mode 100644 CMGTools/Common/python/histograms/muonLorentzVector_cfi.py
 create mode 100644 CMGTools/Common/python/histograms/patMETHistograms_cfi.py
 create mode 100644 CMGTools/Common/python/histograms/pfCandLorentzVector_cfi.py
 create mode 100644 CMGTools/Common/python/histograms/pfJetHistograms_cfi.py
 create mode 100644 CMGTools/Common/python/histograms/pfJetLorentzVector_cfi.py
 create mode 100644 CMGTools/Common/python/histograms/tauHistogram_cff.py
 create mode 100644 CMGTools/Common/python/histograms/tauLorentzVector_cfi.py
 create mode 100644 CMGTools/Common/python/histograms/triggerCorrelationHistograms_cfi.py
 create mode 100644 CMGTools/Common/python/histograms/wLorentzVector_cfi.py
 create mode 100644 CMGTools/Common/python/jetId_cff.py
 create mode 100644 CMGTools/Common/python/jet_cff.py
 create mode 100644 CMGTools/Common/python/met_cff.py
 create mode 100644 CMGTools/Common/python/miscProducers/cmgPFJetCleaner_cfi.py
 create mode 100644 CMGTools/Common/python/miscProducers/cmgPFJetCorrector_cfi.py
 create mode 100644 CMGTools/Common/python/miscProducers/cmgPatElectronProducer_cfi.py
 create mode 100644 CMGTools/Common/python/miscProducers/cmgPatMuonProducer_cfi.py
 create mode 100644 CMGTools/Common/python/miscProducers/collectionSize/candidateSize_cfi.py
 create mode 100644 CMGTools/Common/python/miscProducers/collectionSize/collectionSize_cff.py
 create mode 100644 CMGTools/Common/python/miscProducers/collectionSize/vertexSize_cfi.py
 create mode 100644 CMGTools/Common/python/miscProducers/deltaPhiJetMET_cfi.py
 create mode 100644 CMGTools/Common/python/miscProducers/deltaRJetElectrons_cfi.py
 create mode 100644 CMGTools/Common/python/miscProducers/deltaRJetMuons_cfi.py
 create mode 100644 CMGTools/Common/python/miscProducers/metSignificance_cfi.py
 create mode 100644 CMGTools/Common/python/miscProducers/misc_cff.py
 create mode 100644 CMGTools/Common/python/miscProducers/mvaMET/metRegression_cff.py
 create mode 100644 CMGTools/Common/python/miscProducers/simpleParticleFlow_cfi.py
 create mode 100644 CMGTools/Common/python/miscProducers/trackIsolationMaker_cfi.py
 create mode 100644 CMGTools/Common/python/muEle_cff.py
 create mode 100644 CMGTools/Common/python/multiJet_cff.py
 create mode 100644 CMGTools/Common/python/muon_cff.py
 create mode 100644 CMGTools/Common/python/pfCandidate_cff.py
 create mode 100644 CMGTools/Common/python/photon_cff.py
 create mode 100644 CMGTools/Common/python/physicsObjectPrinter_cfi.py
 create mode 100644 CMGTools/Common/python/release_info/CMSSW_3_8_7.py
 create mode 100644 CMGTools/Common/python/release_info/CMSSW_4_1_3.py
 create mode 100644 CMGTools/Common/python/release_info/CMSSW_4_1_4.py
 create mode 100644 CMGTools/Common/python/release_info/CMSSW_4_1_5.py
 create mode 100644 CMGTools/Common/python/release_info/CMSSW_4_2_3.py
 create mode 100644 CMGTools/Common/python/release_info/CMSSW_4_2_3_exp_colin_june10.py
 create mode 100644 CMGTools/Common/python/release_info/CMSSW_4_2_3_exp_colin_june15.py
 create mode 100644 CMGTools/Common/python/release_info/CMSSW_4_2_3_exp_colin_june18.py
 create mode 100644 CMGTools/Common/python/release_info/CMSSW_4_2_3_exp_colin_june23.py
 create mode 100644 CMGTools/Common/python/release_info/CMSSW_4_2_3_exp_colin_june29.py
 create mode 100644 CMGTools/Common/python/release_info/CMSSW_4_2_3_patch1.py
 create mode 100644 CMGTools/Common/python/release_info/CMSSW_4_2_3_patch1_exp_colin_may27.py
 create mode 100644 CMGTools/Common/python/release_info/CMSSW_4_2_3_patch1_exp_colin_may31.py
 create mode 100644 CMGTools/Common/python/release_info/CMSSW_4_2_3_patch1_exp_colin_may31b.py
 create mode 100644 CMGTools/Common/python/release_info/CMSSW_4_2_5.py
 create mode 100644 CMGTools/Common/python/release_info/CMSSW_4_2_5_exp_V2_1_0.py
 create mode 100644 CMGTools/Common/python/release_info/CMSSW_4_2_5_exp_V2_2_0.py
 create mode 100644 CMGTools/Common/python/release_info/CMSSW_4_2_5_exp_colin_july22.py
 create mode 100644 CMGTools/Common/python/release_info/CMSSW_4_2_5_exp_colin_july26.py
 create mode 100644 CMGTools/Common/python/release_info/CMSSW_4_2_5_exp_colin_june29.py
 create mode 100644 CMGTools/Common/python/release_info/CMSSW_4_2_8.py
 create mode 100644 CMGTools/Common/python/release_info/CMSSW_4_2_8_exp_V2_3_0.py
 create mode 100644 CMGTools/Common/python/release_info/CMSSW_4_2_8_exp_V2_4_0.py
 create mode 100644 CMGTools/Common/python/release_info/CMSSW_4_2_8_exp_V2_4_0_1.py
 create mode 100644 CMGTools/Common/python/release_info/CMSSW_4_2_8_exp_V2_4_1.py
 create mode 100644 CMGTools/Common/python/release_info/CMSSW_4_2_8_exp_colin_nov14.py
 create mode 100644 CMGTools/Common/python/release_info/CMSSW_4_2_8_exp_colin_nov15.py
 create mode 100644 CMGTools/Common/python/release_info/CMSSW_4_2_8_exp_colin_nov29.py
 create mode 100644 CMGTools/Common/python/release_info/CMSSW_4_2_8_exp_colin_oct14.py
 create mode 100644 CMGTools/Common/python/release_info/CMSSW_4_2_8_exp_colin_oct18.py
 create mode 100644 CMGTools/Common/python/release_info/CMSSW_4_2_8_exp_testnewformat.py
 create mode 100644 CMGTools/Common/python/release_info/CMSSW_4_2_8_patch7_exp_V2_5_0.py
 create mode 100644 CMGTools/Common/python/release_info/CMSSW_4_2_8_patch7_exp_colin_BleedingEdge.py
 create mode 100644 CMGTools/Common/python/release_info/CMSSW_4_4_3_exp_V3_1_0.py
 create mode 100644 CMGTools/Common/python/release_info/CMSSW_4_4_3_exp_colin_BleedingEdge.py
 create mode 100644 CMGTools/Common/python/release_info/CMSSW_4_4_3_exp_colin_Feb02.py
 create mode 100644 CMGTools/Common/python/release_info/CMSSW_4_4_3_exp_colin_Feb09.py
 create mode 100644 CMGTools/Common/python/release_info/CMSSW_4_4_4_exp_V4_0_0.py
 create mode 100644 CMGTools/Common/python/release_info/CMSSW_4_4_4_exp_V5_3_0.py
 create mode 100644 CMGTools/Common/python/release_info/CMSSW_4_4_4_exp_V5_4_0.py
 create mode 100644 CMGTools/Common/python/release_info/CMSSW_4_4_4_exp_colin_BleedingEdge.py
 create mode 100644 CMGTools/Common/python/release_info/CMSSW_4_4_4_exp_cris_V4_0_2.py
 create mode 100644 CMGTools/Common/python/release_info/CMSSW_4_4_4_rel_V5_0_0.py
 create mode 100644 CMGTools/Common/python/release_info/CMSSW_4_4_4_rel_V5_1_0.py
 create mode 100644 CMGTools/Common/python/release_info/CMSSW_4_4_4_rel_V5_2_0.py
 create mode 100644 CMGTools/Common/python/release_info/CMSSW_4_4_4_rel_V5_4_1.py
 create mode 100644 CMGTools/Common/python/release_info/CMSSW_4_4_4_rel_V5_5_0.py
 create mode 100644 CMGTools/Common/python/release_info/CMSSW_4_4_4_rel_V5_5_1.py
 create mode 100644 CMGTools/Common/python/release_info/CMSSW_4_4_4_rel_V5_6_0.py
 create mode 100644 CMGTools/Common/python/release_info/CMSSW_4_4_4_rel_V5_9_0.py
 create mode 100644 CMGTools/Common/python/release_info/CMSSW_4_4_5_exp_BleedingEdge.py
 create mode 100644 CMGTools/Common/python/release_info/CMSSW_4_4_5_rel_V5_12_0.py
 create mode 100644 CMGTools/Common/python/release_info/CMSSW_4_4_5_rel_V5_15_0.py
 create mode 100644 CMGTools/Common/python/release_info/CMSSW_5_1_2_exp_BleedingEdge.py
 create mode 100644 CMGTools/Common/python/release_info/CMSSW_5_2_0_exp_BleedingEdge.py
 create mode 100644 CMGTools/Common/python/release_info/CMSSW_5_2_3_patch2_exp_BleedingEdge.py
 create mode 100644 CMGTools/Common/python/release_info/CMSSW_5_2_3_patch2_exp_ForTaejeong.py
 create mode 100644 CMGTools/Common/python/release_info/CMSSW_5_2_4_exp_BleedingEdge.py
 create mode 100644 CMGTools/Common/python/release_info/CMSSW_5_2_5_exp_BleedingEdge.py
 create mode 100644 CMGTools/Common/python/release_info/CMSSW_5_2_5_exp_V5_3_0.py
 create mode 100644 CMGTools/Common/python/release_info/CMSSW_5_2_5_exp_V5_4_0.py
 create mode 100644 CMGTools/Common/python/release_info/CMSSW_5_2_5_rel_V5_4_0_1.py
 create mode 100644 CMGTools/Common/python/release_info/CMSSW_5_2_5_rel_V5_5_0.py
 create mode 100644 CMGTools/Common/python/release_info/CMSSW_5_3_0_exp_BleedingEdge.py
 create mode 100644 CMGTools/Common/python/release_info/CMSSW_5_3_0_rel_V5_5_0.py
 create mode 100644 CMGTools/Common/python/release_info/CMSSW_5_3_0_rel_V5_5_1.py
 create mode 100644 CMGTools/Common/python/release_info/CMSSW_5_3_3_patch3_exp_BleedingEdge.py
 create mode 100644 CMGTools/Common/python/release_info/CMSSW_5_3_3_patch3_rel_V5_10_0.py
 create mode 100644 CMGTools/Common/python/release_info/CMSSW_5_3_3_patch3_rel_V5_6_0.py
 create mode 100644 CMGTools/Common/python/release_info/CMSSW_5_3_3_patch3_rel_V5_7_0.py
 create mode 100644 CMGTools/Common/python/release_info/CMSSW_5_3_3_patch3_rel_V5_8_0.py
 create mode 100644 CMGTools/Common/python/release_info/CMSSW_5_3_5_exp_BleedingEdge.py
 create mode 100644 CMGTools/Common/python/release_info/CMSSW_5_3_7_exp_BleedingEdge.py
 create mode 100644 CMGTools/Common/python/release_info/CMSSW_5_3_7_patch4_exp_BleedingEdge.py
 create mode 100644 CMGTools/Common/python/release_info/CMSSW_5_3_7_patch4_rel_V5_13_0.py
 create mode 100644 CMGTools/Common/python/release_info/CMSSW_5_3_7_rel_V5_11_0.py
 create mode 100644 CMGTools/Common/python/release_info/CMSSW_5_3_7_rel_V5_12_0.py
 create mode 100644 CMGTools/Common/python/release_info/CMSSW_5_3_9_exp_BleedingEdge.py
 create mode 100644 CMGTools/Common/python/release_info/CMSSW_5_3_9_rel_V5_14_0.py
 create mode 100644 CMGTools/Common/python/release_info/CMSSW_5_3_9_rel_V5_15_0.py
 create mode 100644 CMGTools/Common/python/roodatasets/cmgDiMuonDataSet_cfi.py
 create mode 100644 CMGTools/Common/python/roodatasets/cmgDiTauDataSet_cfi.py
 create mode 100644 CMGTools/Common/python/runInfoAccounting/runInfoAccountingData_cfi.py
 create mode 100644 CMGTools/Common/python/runInfoAccounting/runInfoAccounting_cfi.py
 create mode 100644 CMGTools/Common/python/runInfoAccounting_cff.py
 create mode 100644 CMGTools/Common/python/runInfoAccounting_cfi.py
 create mode 100644 CMGTools/Common/python/selections/btaggedjet_cfi.py
 create mode 100644 CMGTools/Common/python/selections/cicelectron_cfi.py
 create mode 100644 CMGTools/Common/python/selections/cutSummaryDiTau_cfi.py
 create mode 100644 CMGTools/Common/python/selections/cutSummaryElectron_cfi.py
 create mode 100644 CMGTools/Common/python/selections/cutSummaryMuon_cfi.py
 create mode 100644 CMGTools/Common/python/selections/cutSummaryPFJet_cfi.py
 create mode 100644 CMGTools/Common/python/selections/cutSummaryTau_cfi.py
 create mode 100644 CMGTools/Common/python/selections/cutidelectron_cfi.py
 create mode 100644 CMGTools/Common/python/selections/dijet_cfi.py
 create mode 100644 CMGTools/Common/python/selections/electronCutSummary_cff.py
 create mode 100644 CMGTools/Common/python/selections/isolation_cfi.py
 create mode 100644 CMGTools/Common/python/selections/jetCutSummary_cff.py
 create mode 100644 CMGTools/Common/python/selections/jetId_cfi.py
 create mode 100644 CMGTools/Common/python/selections/kinematics_cfi.py
 create mode 100644 CMGTools/Common/python/selections/muonCutSummary_cff.py
 create mode 100644 CMGTools/Common/python/selections/muonIDs_cfi.py
 create mode 100644 CMGTools/Common/python/selections/tauCutSummary_cff.py
 create mode 100644 CMGTools/Common/python/selections/vbtfelectron_cfi.py
 create mode 100644 CMGTools/Common/python/selections/vbtfmuon_cfi.py
 create mode 100644 CMGTools/Common/python/selections/zee_cfi.py
 create mode 100644 CMGTools/Common/python/skim_cff.py
 create mode 100644 CMGTools/Common/python/skims/cmgBaseJetSel_cfi.py
 create mode 100644 CMGTools/Common/python/skims/cmgBaseMETSel_cfi.py
 create mode 100644 CMGTools/Common/python/skims/cmgCandCount_cfi.py
 create mode 100644 CMGTools/Common/python/skims/cmgCandMerge_cfi.py
 create mode 100644 CMGTools/Common/python/skims/cmgCandSel_cfi.py
 create mode 100644 CMGTools/Common/python/skims/cmgDiElectronCount_cfi.py
 create mode 100644 CMGTools/Common/python/skims/cmgDiElectronSel_cfi.py
 create mode 100644 CMGTools/Common/python/skims/cmgDiMuonCount_cfi.py
 create mode 100644 CMGTools/Common/python/skims/cmgDiMuonSel_cfi.py
 create mode 100644 CMGTools/Common/python/skims/cmgDiPFCandidateSel_cfi.py
 create mode 100644 CMGTools/Common/python/skims/cmgDiTauCount_cfi.py
 create mode 100644 CMGTools/Common/python/skims/cmgDiTauSel_cfi.py
 create mode 100644 CMGTools/Common/python/skims/cmgElectronCount_cfi.py
 create mode 100644 CMGTools/Common/python/skims/cmgElectronSel_cfi.py
 create mode 100644 CMGTools/Common/python/skims/cmgL1TriggerObjectCount_cfi.py
 create mode 100644 CMGTools/Common/python/skims/cmgL1TriggerObjectSel_cfi.py
 create mode 100644 CMGTools/Common/python/skims/cmgMuEleCount_cfi.py
 create mode 100644 CMGTools/Common/python/skims/cmgMuEleSel_cfi.py
 create mode 100644 CMGTools/Common/python/skims/cmgMuonCount_cfi.py
 create mode 100644 CMGTools/Common/python/skims/cmgMuonSel_cfi.py
 create mode 100644 CMGTools/Common/python/skims/cmgPFBaseJetCount_cfi.py
 create mode 100644 CMGTools/Common/python/skims/cmgPFBaseJetSel_cfi.py
 create mode 100644 CMGTools/Common/python/skims/cmgPFJetCount_cfi.py
 create mode 100644 CMGTools/Common/python/skims/cmgPFJetSel_cfi.py
 create mode 100644 CMGTools/Common/python/skims/cmgPFMETCount_cfi.py
 create mode 100644 CMGTools/Common/python/skims/cmgPFMETSel_cfi.py
 create mode 100644 CMGTools/Common/python/skims/cmgPOSel_cfi.py
 create mode 100644 CMGTools/Common/python/skims/cmgPhotonSel_cfi.py
 create mode 100644 CMGTools/Common/python/skims/cmgStructuredPFJetSel_cfi.py
 create mode 100644 CMGTools/Common/python/skims/cmgTauCount_cfi.py
 create mode 100644 CMGTools/Common/python/skims/cmgTauEleCount_cfi.py
 create mode 100644 CMGTools/Common/python/skims/cmgTauEleSel_cfi.py
 create mode 100644 CMGTools/Common/python/skims/cmgTauMuCount_cfi.py
 create mode 100644 CMGTools/Common/python/skims/cmgTauMuSel_cfi.py
 create mode 100644 CMGTools/Common/python/skims/cmgTauSel_cfi.py
 create mode 100644 CMGTools/Common/python/skims/cmgTriggerObjectCount_cfi.py
 create mode 100644 CMGTools/Common/python/skims/cmgTriggerObjectListCount_cfi.py
 create mode 100644 CMGTools/Common/python/skims/cmgTriggerObjectListSel_cfi.py
 create mode 100644 CMGTools/Common/python/skims/cmgTriggerObjectSel_cfi.py
 create mode 100644 CMGTools/Common/python/skims/cmgWENuCount_cfi.py
 create mode 100644 CMGTools/Common/python/skims/cmgWENuSel_cfi.py
 create mode 100644 CMGTools/Common/python/skims/cmgWMuNuCount_cfi.py
 create mode 100644 CMGTools/Common/python/skims/cmgWMuNuSel_cfi.py
 create mode 100644 CMGTools/Common/python/skims/electronSkim_cff.py
 create mode 100644 CMGTools/Common/python/skims/indexCMGPFJetSelector_cfi.py
 create mode 100644 CMGTools/Common/python/skims/jetSkim_cff.py
 create mode 100644 CMGTools/Common/python/skims/leadingCMGBaseJetSelector_cfi.py
 create mode 100644 CMGTools/Common/python/skims/leadingCMGElectronSelector_cfi.py
 create mode 100644 CMGTools/Common/python/skims/leadingCMGMuonSelector_cfi.py
 create mode 100644 CMGTools/Common/python/skims/leadingCMGPFJetSelector_cfi.py
 create mode 100644 CMGTools/Common/python/skims/metSkim_cff.py
 create mode 100644 CMGTools/Common/python/skims/muonSkim_cff.py
 create mode 100644 CMGTools/Common/python/skims/patJetLead_cfi.py
 create mode 100644 CMGTools/Common/python/skims/selEvents1VeryHighPtJet_cff.py
 create mode 100644 CMGTools/Common/python/skims/selEvents2HighPtJets_cff.py
 create mode 100644 CMGTools/Common/python/skims/tauSkim_cff.py
 create mode 100644 CMGTools/Common/python/tauEle_cff.py
 create mode 100644 CMGTools/Common/python/tauMu_cff.py
 create mode 100644 CMGTools/Common/python/tau_cff.py
 create mode 100644 CMGTools/Common/python/templates/BuildFile_factory.txt
 create mode 100644 CMGTools/Common/python/templates/BuildFile_formats.txt
 create mode 100644 CMGTools/Common/python/templates/BuildFile_plugins.txt
 create mode 100644 CMGTools/Common/python/templates/Histograms_py.txt
 create mode 100644 CMGTools/Common/python/templates/PhysicsObjectFactory_cc.txt
 create mode 100644 CMGTools/Common/python/templates/PhysicsObjectFactory_h.txt
 create mode 100644 CMGTools/Common/python/templates/PhysicsObjectFactory_py.txt
 create mode 100644 CMGTools/Common/python/templates/PhysicsObjectPlugins_cc.txt
 create mode 100644 CMGTools/Common/python/templates/PhysicsObject_h.txt
 create mode 100644 CMGTools/Common/python/templates/Sequences_py.txt
 create mode 100644 CMGTools/Common/python/templates/classes_def_xml.txt
 create mode 100644 CMGTools/Common/python/templates/classes_h.txt
 create mode 100644 CMGTools/Common/python/templates/templates.py
 create mode 100644 CMGTools/Common/python/testing_sources/CMSSW_4_2_5.py
 create mode 100644 CMGTools/Common/python/testing_sources/CMSSW_4_2_8.py
 create mode 100644 CMGTools/Common/python/testing_sources/sourceFiles.py
 create mode 100644 CMGTools/Common/python/trigger_cff.py
 create mode 100644 CMGTools/Common/python/wENu_cff.py
 create mode 100644 CMGTools/Common/python/wMuNu_cff.py
 create mode 100644 CMGTools/Common/scripts/releaseInfo.py
 create mode 100644 CMGTools/Common/src/AnalysisHistograms.cc
 create mode 100644 CMGTools/Common/src/BaseJetFactory.cc
 create mode 100644 CMGTools/Common/src/BaseMETModificationFactory.cc
 create mode 100644 CMGTools/Common/src/CMGElectronMVAEstimator.cc
 create mode 100644 CMGTools/Common/src/ElectronFactory.cc
 create mode 100644 CMGTools/Common/src/ElectronIDMVA.cc
 create mode 100644 CMGTools/Common/src/FatJetFactory.cc
 create mode 100644 CMGTools/Common/src/HemiFactory.cc
 create mode 100644 CMGTools/Common/src/JetComponentHistograms.cc
 create mode 100644 CMGTools/Common/src/JetHistograms.cc
 create mode 100644 CMGTools/Common/src/L1TriggerObjectFactory.cc
 create mode 100644 CMGTools/Common/src/LorentzHistograms.cc
 create mode 100644 CMGTools/Common/src/METScaler.cc
 create mode 100644 CMGTools/Common/src/MetUtilities.cc
 create mode 100644 CMGTools/Common/src/MultiObjectFactory.cc
 create mode 100644 CMGTools/Common/src/MultiObjectSettingTool.cc
 create mode 100644 CMGTools/Common/src/MuonFactory.cc
 create mode 100644 CMGTools/Common/src/PFJetFactory.cc
 create mode 100644 CMGTools/Common/src/PhotonFactory.cc
 create mode 100644 CMGTools/Common/src/RunInfoAccounting.cc
 create mode 100644 CMGTools/Common/src/SAKLooseLepton.cc
 create mode 100644 CMGTools/Common/src/SpecificIsolation.cc
 create mode 100644 CMGTools/Common/src/StructuredPFJetFactory.cc
 create mode 100644 CMGTools/Common/src/TauFactory.cc
 create mode 100644 CMGTools/Common/src/TriggerObjectFactory.cc
 create mode 100644 CMGTools/Common/src/TriggerResultHistograms.cc
 create mode 100644 CMGTools/Common/test/collectionCounting_cfg.py
 create mode 100644 CMGTools/Common/test/macros/TreeHolder.py
 create mode 100644 CMGTools/Common/test/macros/cmgBasicInit.py
 create mode 100644 CMGTools/Common/test/macros/cmgBasicPlots.py
 create mode 100644 CMGTools/Common/test/macros/init.C
 create mode 100644 CMGTools/Common/test/macros/jetComponents.py
 create mode 100644 CMGTools/Common/test/macros/jetHistograms.py
 create mode 100644 CMGTools/Common/test/macros/jetTree.py
 create mode 100644 CMGTools/Common/test/macros/jetVsGenJet.py
 create mode 100644 CMGTools/Common/test/macros/plotJets.C
 create mode 100644 CMGTools/Common/test/macros/plotMET.C
 create mode 100644 CMGTools/Common/test/macros/plotRIA.C
 create mode 100644 CMGTools/Common/test/macros/rootlogon.C
 create mode 100644 CMGTools/Common/test/macros/testPlot.py
 create mode 100644 CMGTools/Common/test/pi0s_cfg.py
 create mode 100644 CMGTools/Common/test/selectVEventRange_cfg.py
 create mode 100644 CMGTools/Common/test/skim_cfg.py
 create mode 100644 CMGTools/Common/test/testApplyJSON_cfg.py
 create mode 100644 CMGTools/Common/test/testCMGPatElectronProducer_cfg.py
 create mode 100644 CMGTools/Common/test/testCMGTools_cfg.py
 create mode 100644 CMGTools/Common/test/testEventCleaning_cfg.py
 create mode 100644 CMGTools/Common/test/testGen_cfg.py
 create mode 100644 CMGTools/Common/test/testJetEnergyCorrector_cfg.py
 create mode 100644 CMGTools/Common/test/testMiscProducers_cfg.py
 create mode 100644 CMGTools/Common/test/testMultipleSequences_cfg.py
 create mode 100644 CMGTools/Common/test/testPhoton_cfg.py
 create mode 100644 CMGTools/Common/test/testRunInfoAccounting_cfg.py
 create mode 100644 CMGTools/Common/test/testTauScaler_cfg.py
 create mode 100644 CMGTools/Common/test/testVertexWeight_cfg.py
 create mode 100644 CMGTools/Common/test/unittests/TestBuild.py
 create mode 100644 CMGTools/Common/test/unittests/TestElectron.py
 create mode 100644 CMGTools/Common/test/unittests/TestHemi.py
 create mode 100644 CMGTools/Common/test/unittests/TestJet.py
 create mode 100644 CMGTools/Common/test/unittests/TestMET.py
 create mode 100644 CMGTools/Common/test/unittests/TestMultiJet.py
 create mode 100644 CMGTools/Common/test/unittests/TestMuon.py
 create mode 100644 CMGTools/Common/test/unittests/TestPhoton.py
 create mode 100644 CMGTools/Common/test/unittests/TestSuite.py
 create mode 100644 CMGTools/Common/test/unittests/TestTau.py
 create mode 100644 CMGTools/Common/test/unittests/TestTrigger.py
 create mode 100644 CMGTools/Common/test/unittests/TestWENu.py
 create mode 100644 CMGTools/Common/test/unittests/TestWMuNu.py
U CMGTools/External/BuildFile.xml
U CMGTools/External/data/Jec12_V7.db
U CMGTools/External/data/START52_V9::All_L2L3Residual_AK5PF.txt
U CMGTools/External/data/Summer12_V1_DATA.db
U CMGTools/External/data/Summer12_V1_MC.db
U CMGTools/External/data/TMVAClassification_5x_BDT_chsFullPlusRMS.weights.xml
U CMGTools/External/data/TMVAClassification_5x_BDT_chsSimpleNoVtxCat.weights.xml
U CMGTools/External/data/TMVAClassification_5x_BDT_fullPlusRMS.weights.xml
U CMGTools/External/data/TMVAClassification_5x_BDT_simpleNoVtxCat.weights.xml
U CMGTools/External/data/TMVAClassification_PuJetIdMinMVA.weights.xml
U CMGTools/External/data/TMVAClassification_PuJetIdOptMVA.weights.xml
U CMGTools/External/data/dummy.txt
U CMGTools/External/data/mva_JetID.weights.xml
U CMGTools/External/data/mva_JetID_v1.weights.xml
U CMGTools/External/interface/PileupJetIdAlgo.h
U CMGTools/External/interface/PileupJetIdentifier.h
U CMGTools/External/plugins/BuildFile.xml
U CMGTools/External/plugins/PileupJetIdProducer.cc
U CMGTools/External/python/External.py
U CMGTools/External/python/JetIdParams_cfi.py
U CMGTools/External/python/jec_2012_cff.py
U CMGTools/External/python/puJetIDAlgo_cff.py
U CMGTools/External/python/pujetidproducer_cfi.py
U CMGTools/External/python/pujetidsequence_cff.py
U CMGTools/External/src/PileupJetIdAlgo.cc
U CMGTools/External/src/PileupJetIdentifier.cc
U CMGTools/External/src/classes.h
U CMGTools/External/src/classes_def.xml
